<?xml version="1.0" encoding="UTF-8"?>
<testng-results ignored="0" total="2" passed="2" failed="0" skipped="0">
  <reporter-output>
  </reporter-output>
  <suite started-at="2020-08-30T19:40:35Z" name="Default suite" finished-at="2020-08-30T19:40:35Z" duration-ms="95">
    <groups>
    </groups>
    <test started-at="2020-08-30T19:40:35Z" name="Default test" finished-at="2020-08-30T19:40:35Z" duration-ms="95">
      <class name="demoMaven.Maven.Seleniumtest">
        <test-method signature="Uiautomation()[pri:0, instance:demoMaven.Maven.Seleniumtest@752325ad]" started-at="2020-08-30T19:40:35Z" name="Uiautomation" finished-at="2020-08-30T19:40:35Z" duration-ms="17" status="PASS">
          <reporter-output>
          </reporter-output>
        </test-method> <!-- Uiautomation -->
        <test-method signature="elementsUi()[pri:0, instance:demoMaven.Maven.Seleniumtest@752325ad]" started-at="2020-08-30T19:40:35Z" name="elementsUi" finished-at="2020-08-30T19:40:35Z" duration-ms="4" status="PASS">
          <reporter-output>
          </reporter-output>
        </test-method> <!-- elementsUi -->
      </class> <!-- demoMaven.Maven.Seleniumtest -->
    </test> <!-- Default test -->
  </suite> <!-- Default suite -->
</testng-results>
